Loaded module: cuda/10.0
Loaded dependency [gcc/7.3.0]: binutils
Loaded module: gcc/7.3.0

------------------------------------------------------------
Sender: LSF System <lsfadmin@n-62-20-15>
Subject: Job 1866829: <MATMULT_SIM> in cluster <dcc> Done

Job <MATMULT_SIM> was submitted from host <n-62-20-10> by user <s153718> in cluster <dcc> at Thu Jan 24 16:03:32 2019
Job was executed on host(s) <n-62-20-15>, in queue <hpcintrogpu>, as user <s153718> in cluster <dcc> at Thu Jan 24 16:03:34 2019
</zhome/f9/e/108797> was used as the home directory.
</zhome/f9/e/108797/Desktop/HPC/C/Week3/Assignment3/Matrix_Mul> was used as the working directory.
Started at Thu Jan 24 16:03:34 2019
Terminated at Thu Jan 24 16:05:15 2019
Results reported at Thu Jan 24 16:05:15 2019

Your job looked like:

------------------------------------------------------------
# LSBATCH: User input
#!/bin/bash

export MATMULT_COMPARE=0
#BSUB -J MATMULT_SIM
#BSUB -o matmult_sim_%J.out
#BSUB -q hpcintrogpu
#BSUB -gpu "num=1:mode=exclusive_process:mps=yes"
#BSUB -W 30
#BSUB -R "rusage[mem=4GB]"

mkdir -p gpu_sim

rm -rf gpu_sim/gpu4*

for i in {2..20}
do
	nvprof --print-gpu-summary ./matmult_f.nvcc gpu4 $((512*$i)) $((512*$i)) $((512*$i)) >> gpu_sim/gpu4.txt 2>&1
done


------------------------------------------------------------

Successfully completed.

Resource usage summary:

    CPU time :                                   95.35 sec.
    Max Memory :                                 430 MB
    Average Memory :                             429.20 MB
    Total Requested Memory :                     4096.00 MB
    Delta Memory :                               3666.00 MB
    Max Swap :                                   -
    Max Processes :                              5
    Max Threads :                                15
    Run time :                                   103 sec.
    Turnaround time :                            103 sec.

The output (if any) is above this job summary.

